<?xml version="1.0" encoding="UTF-8"?>
<!-- Generated by org.testng.reporters.JUnitReportReporter -->
<testsuite hostname="Me-PC" name="com.crm.qa.testcases.TC_Contacts_003" tests="3" failures="0" timestamp="29 Nov 2020 18:31:52 GMT" time="102.653" errors="0">
  <testcase name="validateCreateNewContact" time="37.835" classname="com.crm.qa.testcases.TC_Contacts_003"/>
  <testcase name="validateCreateNewContact" time="31.688" classname="com.crm.qa.testcases.TC_Contacts_003"/>
  <testcase name="validateCreateNewContact" time="33.130" classname="com.crm.qa.testcases.TC_Contacts_003"/>
</testsuite> <!-- com.crm.qa.testcases.TC_Contacts_003 -->
