<?xml version="1.0" encoding="UTF-8"?>
<!-- Generated by org.testng.reporters.JUnitReportReporter -->
<testsuite hostname="Me-PC" name="com.crm.qa.testcases.TC_Login_001" tests="3" failures="0" timestamp="1 Dec 2020 16:03:03 GMT" time="40.368" errors="0">
  <testcase name="crmLogoImageTest" time="15.594" classname="com.crm.qa.testcases.TC_Login_001"/>
  <testcase name="loginTest" time="14.884" classname="com.crm.qa.testcases.TC_Login_001"/>
  <testcase name="loginPageTitleTest" time="9.890" classname="com.crm.qa.testcases.TC_Login_001"/>
</testsuite> <!-- com.crm.qa.testcases.TC_Login_001 -->
