<?xml version="1.0" encoding="UTF-8"?>
<!-- Generated by org.testng.reporters.JUnitReportReporter -->
<testsuite hostname="Me-PC" name="com.crm.qa.testcases.TC_Contacts_003" tests="3" failures="0" timestamp="29 Nov 2020 19:06:37 GMT" time="114.620" errors="0">
  <testcase name="validateCreateNewContact" time="45.905" classname="com.crm.qa.testcases.TC_Contacts_003"/>
  <testcase name="validateCreateNewContact" time="33.174" classname="com.crm.qa.testcases.TC_Contacts_003"/>
  <testcase name="validateCreateNewContact" time="35.541" classname="com.crm.qa.testcases.TC_Contacts_003"/>
</testsuite> <!-- com.crm.qa.testcases.TC_Contacts_003 -->
