<?xml version="1.0" encoding="UTF-8"?>
<!-- Generated by org.testng.reporters.JUnitReportReporter -->
<testsuite hostname="Me-PC" name="com.crm.qa.testcases.TC_Login_001" tests="3" failures="0" timestamp="27 Nov 2020 18:53:51 GMT" time="37.518" errors="0">
  <testcase name="crmLogoImageTest" time="13.677" classname="com.crm.qa.testcases.TC_Login_001"/>
  <testcase name="loginPageTitleTest" time="9.375" classname="com.crm.qa.testcases.TC_Login_001"/>
  <testcase name="loginTest" time="14.466" classname="com.crm.qa.testcases.TC_Login_001"/>
</testsuite> <!-- com.crm.qa.testcases.TC_Login_001 -->
