<?xml version="1.0" encoding="UTF-8"?>
<!-- Generated by org.testng.reporters.JUnitReportReporter -->
<testsuite hostname="Me-PC" name="com.crm.qa.testcases.TC_Contacts_003" tests="3" failures="0" timestamp="29 Nov 2020 14:25:32 GMT" time="106.563" errors="0">
  <testcase name="validateCreateNewContact" time="37.816" classname="com.crm.qa.testcases.TC_Contacts_003"/>
  <testcase name="validateCreateNewContact" time="34.493" classname="com.crm.qa.testcases.TC_Contacts_003"/>
  <testcase name="validateCreateNewContact" time="34.254" classname="com.crm.qa.testcases.TC_Contacts_003"/>
</testsuite> <!-- com.crm.qa.testcases.TC_Contacts_003 -->
