<?xml version="1.0" encoding="UTF-8"?>
<!-- Generated by org.testng.reporters.JUnitReportReporter -->
<testsuite hostname="Me-PC" name="com.crm.qa.testcases.TC_Home_002" tests="5" failures="0" timestamp="1 Dec 2020 16:03:03 GMT" time="86.803" errors="0">
  <testcase name="validateUserNameTest" time="15.221" classname="com.crm.qa.testcases.TC_Home_002"/>
  <testcase name="homePageTitleTest" time="14.056" classname="com.crm.qa.testcases.TC_Home_002"/>
  <testcase name="contactsPageLinkTest" time="17.587" classname="com.crm.qa.testcases.TC_Home_002"/>
  <testcase name="dealsPageLinkTest" time="19.335" classname="com.crm.qa.testcases.TC_Home_002"/>
  <testcase name="tasksPageLinkTest" time="20.604" classname="com.crm.qa.testcases.TC_Home_002"/>
</testsuite> <!-- com.crm.qa.testcases.TC_Home_002 -->
