<?xml version="1.0" encoding="UTF-8"?>
<!-- Generated by org.testng.reporters.JUnitReportReporter -->
<testsuite hostname="Me-PC" name="com.crm.qa.testcases.TC_Contacts_003" tests="3" failures="0" timestamp="1 Dec 2020 16:03:03 GMT" time="102.419" errors="0">
  <testcase name="validateCreateNewContact" time="36.514" classname="com.crm.qa.testcases.TC_Contacts_003"/>
  <testcase name="validateCreateNewContact" time="32.441" classname="com.crm.qa.testcases.TC_Contacts_003"/>
  <testcase name="validateCreateNewContact" time="33.464" classname="com.crm.qa.testcases.TC_Contacts_003"/>
</testsuite> <!-- com.crm.qa.testcases.TC_Contacts_003 -->
