<?xml version="1.0" encoding="UTF-8"?>
<!-- Generated by org.testng.reporters.JUnitReportReporter -->
<testsuite hostname="Me-PC" name="com.crm.qa.testcases.TC_Deals_004" tests="1" failures="0" timestamp="5 Dec 2020 15:26:15 GMT" time="30.102" errors="0">
  <testcase name="validateCreateNewDeal" time="30.102" classname="com.crm.qa.testcases.TC_Deals_004"/>
</testsuite> <!-- com.crm.qa.testcases.TC_Deals_004 -->
