<?xml version="1.0" encoding="UTF-8"?>
<!-- Generated by org.testng.reporters.JUnitReportReporter -->
<testsuite hostname="Me-PC" name="com.crm.qa.testcases.TC_Home_002" tests="5" failures="0" timestamp="27 Nov 2020 18:53:51 GMT" time="87.523" errors="0">
  <testcase name="contactsPageLinkTest" time="18.575" classname="com.crm.qa.testcases.TC_Home_002"/>
  <testcase name="validateUserNameTest" time="15.219" classname="com.crm.qa.testcases.TC_Home_002"/>
  <testcase name="homePageTitleTest" time="15.737" classname="com.crm.qa.testcases.TC_Home_002"/>
  <testcase name="dealsPageLinkTest" time="18.833" classname="com.crm.qa.testcases.TC_Home_002"/>
  <testcase name="tasksPageLinkTest" time="19.159" classname="com.crm.qa.testcases.TC_Home_002"/>
</testsuite> <!-- com.crm.qa.testcases.TC_Home_002 -->
